<?xml version="1.0" encoding="UTF-8"?>
<!-- Generated by org.testng.reporters.JUnitReportReporter -->
<testsuite skipped="19" hostname="DESKTOP-KDQOQ35" name="testsuite.FilterTaskTest" tests="109" failures="0" timestamp="2024-03-31T10:08:04 ICT" time="1819.154" errors="1">
  <testcase name="openDriver" time="77.092" classname="testsuite.FilterTaskTest">
    <error type="org.openqa.selenium.TimeoutException" message="Navigation timed out after 30000 ms
Build info: version: &#039;4.10.0&#039;, revision: &#039;c14d967899&#039;
System info: os.name: &#039;Windows 10&#039;, os.arch: &#039;amd64&#039;, os.version: &#039;10.0&#039;, java.version: &#039;1.8.0_392&#039;
Driver info: org.openqa.selenium.firefox.FirefoxDriver
Command: [a7807856-30be-4b7b-b472-6a3e0d89b7ae, get {url=https://rise.fairsketch.com/signin}]
Capabilities {acceptInsecureCerts: true, browserName: firefox, browserVersion: 124.0.1, moz:accessibilityChecks: false, moz:buildID: 20240321230221, moz:debuggerAddress: 127.0.0.1:11739, moz:geckodriverVersion: 0.34.0, moz:headless: false, moz:platformVersion: 10.0, moz:processID: 20412, moz:profile: C:\Users\Admin\AppData\Loca..., moz:shutdownTimeout: 60000, moz:webdriverClick: true, moz:windowless: false, pageLoadStrategy: normal, platformName: windows, proxy: Proxy(), se:cdp: ws://127.0.0.1:11739/devtoo..., se:cdpVersion: 85.0, setWindowRect: true, strictFileInteractability: false, timeouts: {implicit: 0, pageLoad: 300000, script: 30000}, unhandledPromptBehavior: dismiss and notify}
Session ID: a7807856-30be-4b7b-b472-6a3e0d89b7ae">
      <![CDATA[org.openqa.selenium.TimeoutException: Navigation timed out after 30000 ms
Build info: version: '4.10.0', revision: 'c14d967899'
System info: os.name: 'Windows 10', os.arch: 'amd64', os.version: '10.0', java.version: '1.8.0_392'
Driver info: org.openqa.selenium.firefox.FirefoxDriver
Command: [a7807856-30be-4b7b-b472-6a3e0d89b7ae, get {url=https://rise.fairsketch.com/signin}]
Capabilities {acceptInsecureCerts: true, browserName: firefox, browserVersion: 124.0.1, moz:accessibilityChecks: false, moz:buildID: 20240321230221, moz:debuggerAddress: 127.0.0.1:11739, moz:geckodriverVersion: 0.34.0, moz:headless: false, moz:platformVersion: 10.0, moz:processID: 20412, moz:profile: C:\Users\Admin\AppData\Loca..., moz:shutdownTimeout: 60000, moz:webdriverClick: true, moz:windowless: false, pageLoadStrategy: normal, platformName: windows, proxy: Proxy(), se:cdp: ws://127.0.0.1:11739/devtoo..., se:cdpVersion: 85.0, setWindowRect: true, strictFileInteractability: false, timeouts: {implicit: 0, pageLoad: 300000, script: 30000}, unhandledPromptBehavior: dismiss and notify}
Session ID: a7807856-30be-4b7b-b472-6a3e0d89b7ae
at sun.reflect.NativeConstructorAccessorImpl.newInstance0(Native Method)
at sun.reflect.NativeConstructorAccessorImpl.newInstance(NativeConstructorAccessorImpl.java:62)
at sun.reflect.DelegatingConstructorAccessorImpl.newInstance(DelegatingConstructorAccessorImpl.java:45)
at java.lang.reflect.Constructor.newInstance(Constructor.java:423)
at org.openqa.selenium.remote.codec.w3c.W3CHttpResponseCodec.createException(W3CHttpResponseCodec.java:199)
at org.openqa.selenium.remote.codec.w3c.W3CHttpResponseCodec.decode(W3CHttpResponseCodec.java:132)
at org.openqa.selenium.remote.codec.w3c.W3CHttpResponseCodec.decode(W3CHttpResponseCodec.java:51)
at org.openqa.selenium.remote.HttpCommandExecutor.execute(HttpCommandExecutor.java:191)
at org.openqa.selenium.remote.service.DriverCommandExecutor.invokeExecute(DriverCommandExecutor.java:196)
at org.openqa.selenium.remote.service.DriverCommandExecutor.execute(DriverCommandExecutor.java:171)
at org.openqa.selenium.remote.RemoteWebDriver.execute(RemoteWebDriver.java:531)
at org.openqa.selenium.remote.RemoteWebDriver.get(RemoteWebDriver.java:295)
at testsuite.FilterTaskTest.openDriver(FilterTaskTest.java:26)
at sun.reflect.GeneratedMethodAccessor5.invoke(Unknown Source)
at sun.reflect.DelegatingMethodAccessorImpl.invoke(DelegatingMethodAccessorImpl.java:43)
at java.lang.reflect.Method.invoke(Method.java:498)
at org.testng.internal.MethodInvocationHelper.invokeMethod(MethodInvocationHelper.java:133)
at org.testng.internal.MethodInvocationHelper.invokeMethodConsideringTimeout(MethodInvocationHelper.java:62)
at org.testng.internal.ConfigInvoker.invokeConfigurationMethod(ConfigInvoker.java:385)
at org.testng.internal.ConfigInvoker.invokeConfigurations(ConfigInvoker.java:321)
at org.testng.internal.TestInvoker.runConfigMethods(TestInvoker.java:700)
at org.testng.internal.TestInvoker.invokeMethod(TestInvoker.java:527)
at org.testng.internal.TestInvoker.invokeTestMethod(TestInvoker.java:173)
at org.testng.internal.MethodRunner.runInSequence(MethodRunner.java:46)
at org.testng.internal.TestInvoker$MethodInvocationAgent.invoke(TestInvoker.java:824)
at org.testng.internal.TestInvoker.invokeTestMethods(TestInvoker.java:146)
at org.testng.internal.TestMethodWorker.invokeTestMethods(TestMethodWorker.java:146)
at org.testng.internal.TestMethodWorker.run(TestMethodWorker.java:128)
at java.util.ArrayList.forEach(ArrayList.java:1259)
at org.testng.TestRunner.privateRun(TestRunner.java:794)
at org.testng.TestRunner.run(TestRunner.java:596)
at org.testng.SuiteRunner.runTest(SuiteRunner.java:377)
at org.testng.SuiteRunner.runSequentially(SuiteRunner.java:371)
at org.testng.SuiteRunner.privateRun(SuiteRunner.java:332)
at org.testng.SuiteRunner.run(SuiteRunner.java:276)
at org.testng.SuiteRunnerWorker.runSuite(SuiteRunnerWorker.java:53)
at org.testng.SuiteRunnerWorker.run(SuiteRunnerWorker.java:96)
at org.testng.TestNG.runSuitesSequentially(TestNG.java:1212)
at org.testng.TestNG.runSuitesLocally(TestNG.java:1134)
at org.testng.TestNG.runSuites(TestNG.java:1063)
at org.testng.TestNG.run(TestNG.java:1031)
at com.intellij.rt.testng.IDEARemoteTestNG.run(IDEARemoteTestNG.java:66)
at com.intellij.rt.testng.RemoteTestNGStarter.main(RemoteTestNGStarter.java:109)
]]>
    </error>
  </testcase> <!-- openDriver -->
  <system-out/>
  <testcase name="filterByRelatedTo_Project" time="16.241" classname="testsuite.FilterTaskTest"/>
  <system-out/>
  <testcase name="filterByRelatedTo_Project" time="21.795" classname="testsuite.FilterTaskTest"/>
  <system-out/>
  <testcase name="filterByRelatedTo_Project" time="14.067" classname="testsuite.FilterTaskTest"/>
  <system-out/>
  <testcase name="filterByRelatedTo_Client" time="25.796" classname="testsuite.FilterTaskTest"/>
  <system-out/>
  <testcase name="filterByRelatedTo_Client" time="19.495" classname="testsuite.FilterTaskTest"/>
  <system-out/>
  <testcase name="filterByRelatedTo_Client" time="20.070" classname="testsuite.FilterTaskTest"/>
  <system-out/>
  <testcase name="filterByRelatedTo_Contract" time="27.330" classname="testsuite.FilterTaskTest"/>
  <system-out/>
  <testcase name="filterByRelatedTo_Contract" time="41.935" classname="testsuite.FilterTaskTest"/>
  <system-out/>
  <testcase name="filterByRelatedTo_Contract" time="19.807" classname="testsuite.FilterTaskTest"/>
  <system-out/>
  <testcase name="filterByRelatedTo_Estimate" time="21.824" classname="testsuite.FilterTaskTest"/>
  <system-out/>
  <testcase name="filterByRelatedTo_Estimate" time="27.617" classname="testsuite.FilterTaskTest"/>
  <system-out/>
  <testcase name="filterByRelatedTo_Estimate" time="19.211" classname="testsuite.FilterTaskTest"/>
  <system-out/>
  <testcase name="filterByRelatedTo_Expense" time="27.477" classname="testsuite.FilterTaskTest"/>
  <system-out/>
  <testcase name="filterByRelatedTo_Expense" time="20.459" classname="testsuite.FilterTaskTest"/>
  <system-out/>
  <testcase name="filterByRelatedTo_Expense" time="18.287" classname="testsuite.FilterTaskTest"/>
  <system-out/>
  <testcase name="filterByRelatedTo_Invoice" time="27.418" classname="testsuite.FilterTaskTest"/>
  <system-out/>
  <testcase name="filterByRelatedTo_Invoice" time="19.053" classname="testsuite.FilterTaskTest"/>
  <system-out/>
  <testcase name="filterByRelatedTo_Invoice" time="21.334" classname="testsuite.FilterTaskTest"/>
  <system-out/>
  <testcase name="filterByRelatedTo_Lead" time="21.286" classname="testsuite.FilterTaskTest"/>
  <system-out/>
  <testcase name="filterByRelatedTo_Lead" time="19.352" classname="testsuite.FilterTaskTest"/>
  <system-out/>
  <testcase name="filterByRelatedTo_Lead" time="28.342" classname="testsuite.FilterTaskTest"/>
  <system-out/>
  <testcase name="filterByRelatedTo_Order" time="27.728" classname="testsuite.FilterTaskTest"/>
  <system-out/>
  <testcase name="filterByRelatedTo_Order" time="20.675" classname="testsuite.FilterTaskTest"/>
  <system-out/>
  <testcase name="filterByRelatedTo_Order" time="19.486" classname="testsuite.FilterTaskTest"/>
  <system-out/>
  <testcase name="filterByRelatedTo_Proposal" time="19.351" classname="testsuite.FilterTaskTest"/>
  <system-out/>
  <testcase name="filterByRelatedTo_Proposal" time="30.030" classname="testsuite.FilterTaskTest"/>
  <system-out/>
  <testcase name="filterByRelatedTo_Proposal" time="20.996" classname="testsuite.FilterTaskTest"/>
  <system-out/>
  <testcase name="filterByRelatedTo_Subscription" time="20.210" classname="testsuite.FilterTaskTest"/>
  <system-out/>
  <testcase name="filterByRelatedTo_Subscription" time="18.839" classname="testsuite.FilterTaskTest"/>
  <system-out/>
  <testcase name="filterByRelatedTo_Subscription" time="27.395" classname="testsuite.FilterTaskTest"/>
  <system-out/>
  <testcase name="filterByRelatedTo_Ticket" time="18.558" classname="testsuite.FilterTaskTest"/>
  <system-out/>
  <testcase name="filterByRelatedTo_Ticket" time="20.529" classname="testsuite.FilterTaskTest"/>
  <system-out/>
  <testcase name="filterByRelatedTo_Ticket" time="32.280" classname="testsuite.FilterTaskTest"/>
  <system-out/>
  <testcase name="filterByProject" time="13.710" classname="testsuite.FilterTaskTest"/>
  <system-out/>
  <testcase name="filterByProject" time="15.937" classname="testsuite.FilterTaskTest"/>
  <system-out/>
  <testcase name="filterByProject" time="22.257" classname="testsuite.FilterTaskTest"/>
  <system-out/>
  <testcase name="filterByMilestone_Release" time="17.700" classname="testsuite.FilterTaskTest"/>
  <system-out/>
  <testcase name="filterByMilestone_Release" time="41.235" classname="testsuite.FilterTaskTest"/>
  <system-out/>
  <testcase name="filterByMilestone_Release" time="18.388" classname="testsuite.FilterTaskTest"/>
  <system-out/>
  <testcase name="filterByMilestone_BetaRelease" time="18.394" classname="testsuite.FilterTaskTest"/>
  <system-out/>
  <testcase name="filterByMilestone_BetaRelease" time="25.694" classname="testsuite.FilterTaskTest"/>
  <system-out/>
  <testcase name="filterByMilestone_BetaRelease" time="16.589" classname="testsuite.FilterTaskTest"/>
  <system-out/>
  <testcase name="filterByTeamMember" time="15.061" classname="testsuite.FilterTaskTest"/>
  <system-out/>
  <testcase name="filterByTeamMember" time="19.638" classname="testsuite.FilterTaskTest"/>
  <system-out/>
  <testcase name="filterByTeamMember" time="13.310" classname="testsuite.FilterTaskTest"/>
  <system-out/>
  <testcase name="filterByPriority_Minor" time="16.182" classname="testsuite.FilterTaskTest"/>
  <system-out/>
  <testcase name="filterByPriority_Minor" time="21.527" classname="testsuite.FilterTaskTest"/>
  <system-out/>
  <testcase name="filterByPriority_Minor" time="14.357" classname="testsuite.FilterTaskTest"/>
  <system-out/>
  <testcase name="filterByPriority_Major" time="4.187" classname="testsuite.FilterTaskTest"/>
  <system-out/>
  <testcase name="filterByPriority_Major" time="14.734" classname="testsuite.FilterTaskTest"/>
  <system-out/>
  <testcase name="filterByPriority_Major" time="16.534" classname="testsuite.FilterTaskTest"/>
  <system-out/>
  <testcase name="filterByPriority_Critical" time="0.000" classname="testsuite.FilterTaskTest">
    <skipped/>
  </testcase> <!-- filterByPriority_Critical -->
  <system-out/>
  <testcase name="filterByPriority_Critical" time="16.879" classname="testsuite.FilterTaskTest"/>
  <system-out/>
  <testcase name="filterByPriority_Critical" time="13.879" classname="testsuite.FilterTaskTest"/>
  <system-out/>
  <testcase name="filterByPriority_Blocker" time="0.000" classname="testsuite.FilterTaskTest">
    <skipped/>
  </testcase> <!-- filterByPriority_Blocker -->
  <system-out/>
  <testcase name="filterByPriority_Blocker" time="15.042" classname="testsuite.FilterTaskTest"/>
  <system-out/>
  <testcase name="filterByPriority_Blocker" time="28.298" classname="testsuite.FilterTaskTest"/>
  <system-out/>
  <testcase name="filterByLabel" time="13.948" classname="testsuite.FilterTaskTest"/>
  <system-out/>
  <testcase name="filterByLabel" time="16.510" classname="testsuite.FilterTaskTest"/>
  <system-out/>
  <testcase name="filterByLabel" time="0.000" classname="testsuite.FilterTaskTest">
    <skipped/>
  </testcase> <!-- filterByLabel -->
  <system-out/>
  <testcase name="filterByDeadline_Expired" time="15.790" classname="testsuite.FilterTaskTest"/>
  <system-out/>
  <testcase name="filterByDeadline_Expired" time="0.000" classname="testsuite.FilterTaskTest">
    <skipped/>
  </testcase> <!-- filterByDeadline_Expired -->
  <system-out/>
  <testcase name="filterByDeadline_Expired" time="13.856" classname="testsuite.FilterTaskTest"/>
  <system-out/>
  <testcase name="filterByDeadline_Today" time="20.429" classname="testsuite.FilterTaskTest"/>
  <system-out/>
  <testcase name="filterByDeadline_Today" time="0.000" classname="testsuite.FilterTaskTest">
    <skipped/>
  </testcase> <!-- filterByDeadline_Today -->
  <system-out/>
  <testcase name="filterByDeadline_Today" time="19.092" classname="testsuite.FilterTaskTest"/>
  <system-out/>
  <testcase name="filterByDeadline_Tomorrow" time="0.000" classname="testsuite.FilterTaskTest">
    <skipped/>
  </testcase> <!-- filterByDeadline_Tomorrow -->
  <system-out/>
  <testcase name="filterByDeadline_Tomorrow" time="17.186" classname="testsuite.FilterTaskTest"/>
  <system-out/>
  <testcase name="filterByDeadline_Tomorrow" time="15.136" classname="testsuite.FilterTaskTest"/>
  <system-out/>
  <testcase name="filterByDeadline_In7Days" time="15.453" classname="testsuite.FilterTaskTest"/>
  <system-out/>
  <testcase name="filterByDeadline_In7Days" time="14.311" classname="testsuite.FilterTaskTest"/>
  <system-out/>
  <testcase name="filterByDeadline_In7Days" time="0.000" classname="testsuite.FilterTaskTest">
    <skipped/>
  </testcase> <!-- filterByDeadline_In7Days -->
  <system-out/>
  <testcase name="filterByDeadline_In15Days" time="16.201" classname="testsuite.FilterTaskTest"/>
  <system-out/>
  <testcase name="filterByDeadline_In15Days" time="14.683" classname="testsuite.FilterTaskTest"/>
  <system-out/>
  <testcase name="filterByDeadline_In15Days" time="0.000" classname="testsuite.FilterTaskTest">
    <skipped/>
  </testcase> <!-- filterByDeadline_In15Days -->
  <system-out/>
  <testcase name="filterByDeadline_Custom_Equal_CurrentDay" time="19.607" classname="testsuite.FilterTaskTest"/>
  <system-out/>
  <testcase name="filterByDeadline_Custom_Equal_CurrentDay" time="0.000" classname="testsuite.FilterTaskTest">
    <skipped/>
  </testcase> <!-- filterByDeadline_Custom_Equal_CurrentDay -->
  <system-out/>
  <testcase name="filterByDeadline_Custom_Equal_CurrentDay" time="21.291" classname="testsuite.FilterTaskTest"/>
  <system-out/>
  <testcase name="filterByDeadline_Custom_greater_CurrentDay" time="0.000" classname="testsuite.FilterTaskTest">
    <skipped/>
  </testcase> <!-- filterByDeadline_Custom_greater_CurrentDay -->
  <system-out/>
  <testcase name="filterByDeadline_Custom_greater_CurrentDay" time="20.912" classname="testsuite.FilterTaskTest"/>
  <system-out/>
  <testcase name="filterByDeadline_Custom_greater_CurrentDay" time="21.267" classname="testsuite.FilterTaskTest"/>
  <system-out/>
  <testcase name="filterByDeadline_Custom_Less_CurrentDay" time="0.000" classname="testsuite.FilterTaskTest">
    <skipped/>
  </testcase> <!-- filterByDeadline_Custom_Less_CurrentDay -->
  <system-out/>
  <testcase name="filterByDeadline_Custom_Less_CurrentDay" time="20.389" classname="testsuite.FilterTaskTest"/>
  <system-out/>
  <testcase name="filterByDeadline_Custom_Less_CurrentDay" time="21.713" classname="testsuite.FilterTaskTest"/>
  <system-out/>
  <testcase name="filterByStatus_Todo" time="16.010" classname="testsuite.FilterTaskTest"/>
  <system-out/>
  <testcase name="filterByStatus_Todo" time="15.132" classname="testsuite.FilterTaskTest"/>
  <system-out/>
  <testcase name="filterByStatus_Todo" time="0.000" classname="testsuite.FilterTaskTest">
    <skipped/>
  </testcase> <!-- filterByStatus_Todo -->
  <system-out/>
  <testcase name="filterByStatus_InProgress" time="15.213" classname="testsuite.FilterTaskTest"/>
  <system-out/>
  <testcase name="filterByStatus_InProgress" time="0.000" classname="testsuite.FilterTaskTest">
    <skipped/>
  </testcase> <!-- filterByStatus_InProgress -->
  <system-out/>
  <testcase name="filterByStatus_InProgress" time="16.228" classname="testsuite.FilterTaskTest"/>
  <system-out/>
  <testcase name="filterByStatus_Review" time="15.934" classname="testsuite.FilterTaskTest"/>
  <system-out/>
  <testcase name="filterByStatus_Review" time="0.000" classname="testsuite.FilterTaskTest">
    <skipped/>
  </testcase> <!-- filterByStatus_Review -->
  <system-out/>
  <testcase name="filterByStatus_Review" time="15.789" classname="testsuite.FilterTaskTest"/>
  <system-out/>
  <testcase name="filterByStatus_Done" time="16.194" classname="testsuite.FilterTaskTest"/>
  <system-out/>
  <testcase name="filterByStatus_Done" time="16.693" classname="testsuite.FilterTaskTest"/>
  <system-out/>
  <testcase name="filterByStatus_Done" time="0.000" classname="testsuite.FilterTaskTest">
    <skipped/>
  </testcase> <!-- filterByStatus_Done -->
  <system-out/>
  <testcase name="addFilter_Success" time="27.677" classname="testsuite.FilterTaskTest"/>
  <system-out/>
  <testcase name="addFilter_Success" time="0.000" classname="testsuite.FilterTaskTest">
    <skipped/>
  </testcase> <!-- addFilter_Success -->
  <system-out/>
  <testcase name="addFilter_Success" time="14.102" classname="testsuite.FilterTaskTest"/>
  <system-out/>
  <testcase name="addFilter_Fail" time="0.000" classname="testsuite.FilterTaskTest">
    <skipped/>
  </testcase> <!-- addFilter_Fail -->
  <system-out/>
  <testcase name="addFilter_Fail" time="20.944" classname="testsuite.FilterTaskTest"/>
  <system-out/>
  <testcase name="addFilter_Fail" time="13.233" classname="testsuite.FilterTaskTest"/>
  <system-out/>
  <testcase name="editFilter" time="16.955" classname="testsuite.FilterTaskTest"/>
  <system-out/>
  <testcase name="editFilter" time="0.000" classname="testsuite.FilterTaskTest">
    <skipped/>
  </testcase> <!-- editFilter -->
  <system-out/>
  <testcase name="editFilter" time="18.620" classname="testsuite.FilterTaskTest"/>
  <system-out/>
  <testcase name="deleteFilter" time="15.211" classname="testsuite.FilterTaskTest"/>
  <system-out/>
  <testcase name="deleteFilter" time="0.000" classname="testsuite.FilterTaskTest">
    <skipped/>
  </testcase> <!-- deleteFilter -->
  <system-out/>
  <testcase name="deleteFilter" time="16.548" classname="testsuite.FilterTaskTest"/>
  <system-out/>
</testsuite> <!-- testsuite.FilterTaskTest -->
