<?xml version="1.0" encoding="UTF-8"?>
<!-- Generated by org.testng.reporters.JUnitReportReporter -->
<testsuite hostname="Phuongs-MacBook-Pro.local" failures="0" tests="1" name="testsuite.AddTask" time="41.206" errors="0" timestamp="2024-03-31T21:28:10 AEDT" skipped="0">
  <testcase classname="testsuite.AddTask" name="addTaskSuccess" time="41.206"/>
  <system-out/>
</testsuite> <!-- testsuite.AddTask -->
