<?xml version="1.0" encoding="UTF-8"?>
<!-- Generated by org.testng.reporters.JUnitReportReporter -->
<testsuite hostname="DESKTOP-NVOFS2N" failures="0" tests="1" name="testsuite.SearchTaskTest" time="29.458" errors="0" timestamp="2024-03-27T11:37:07 ICT" skipped="0">
  <testcase classname="testsuite.SearchTaskTest" name="hidebyid" time="29.458"/>
  <system-out/>
</testsuite> <!-- testsuite.SearchTaskTest -->
