<?xml version="1.0" encoding="UTF-8"?>
<!-- Generated by org.testng.reporters.JUnitReportReporter -->
<testsuite hostname="DESKTOP-NVOFS2N" failures="0" tests="1" name="testsuite.SearchTaskTest" time="29.011" errors="0" timestamp="2024-03-31T18:45:17 ICT" skipped="0">
  <testcase classname="testsuite.SearchTaskTest" name="hidebyid" time="29.011"/>
  <system-out/>
</testsuite> <!-- testsuite.SearchTaskTest -->
